<?xml version="1.0" encoding="UTF-8"?>
<testsuite name="com.example.test_action.ExampleUnitTest" tests="1" skipped="0" failures="0" errors="0" timestamp="2023-11-02T03:39:27" hostname="WIB-LAP-003466.local" time="0.003">
  <properties/>
  <testcase name="addition_isCorrect" classname="com.example.test_action.ExampleUnitTest" time="0.003"/>
  <system-out><![CDATA[]]></system-out>
  <system-err><![CDATA[]]></system-err>
</testsuite>
